android/build/outputs/logs/manifest-merger-debug-report.txt
-- Merging decision tree log ---
manifest
ADDED from LibGdxPixio/android/AndroidManifest.xml:2:1-30:12
INJECTED from LibGdxPixio/android/AndroidManifest.xml:2:1-30:12
INJECTED from LibGdxPixio/android/AndroidManifest.xml:2:1-30:12
INJECTED from LibGdxPixio/android/AndroidManifest.xml:2:1-30:12
MERGED from [com.android.support.constraint:constraint-layout:2.0.0-alpha2] AndroidManifest.xml:2:1-11:12
MERGED from [com.android.support:appcompat-v7:28.0.0] AndroidManifest.xml:17:1-22:12
MERGED from [com.android.support:recyclerview-v7:27.1.1] AndroidManifest.xml:17:1-22:12
MERGED from [com.android.support:support-fragment:28.0.0] AndroidManifest.xml:17:1-22:12
MERGED from [com.android.support:animated-vector-drawable:28.0.0] AndroidManifest.xml:17:1-22:12
MERGED from [com.android.support:support-vector-drawable:28.0.0] AndroidManifest.xml:17:1-22:12
MERGED from [com.android.support:support-core-ui:28.0.0] AndroidManifest.xml:17:1-22:12
MERGED from [com.android.support:support-core-utils:28.0.0] AndroidManifest.xml:17:1-22:12
MERGED from [com.android.support:loader:28.0.0] AndroidManifest.xml:17:1-22:12
MERGED from [com.android.support:viewpager:28.0.0] AndroidManifest.xml:17:1-22:12
MERGED from [com.android.support:coordinatorlayout:28.0.0] AndroidManifest.xml:17:1-22:12
MERGED from [com.android.support:drawerlayout:28.0.0] AndroidManifest.xml:17:1-22:12
MERGED from [com.android.support:slidingpanelayout:28.0.0] AndroidManifest.xml:17:1-22:12
MERGED from [com.android.support:customview:28.0.0] AndroidManifest.xml:17:1-22:12
MERGED from [com.android.support:swiperefreshlayout:28.0.0] AndroidManifest.xml:17:1-22:12
MERGED from [com.android.support:asynclayoutinflater:28.0.0] AndroidManifest.xml:17:1-22:12
MERGED from [com.android.support:support-compat:28.0.0] AndroidManifest.xml:17:1-24:12
MERGED from [com.android.support:versionedparcelable:28.0.0] AndroidManifest.xml:17:1-25:12
MERGED from [com.android.support:cursoradapter:28.0.0] AndroidManifest.xml:17:1-22:12
MERGED from [android.arch.lifecycle:viewmodel:1.1.1] AndroidManifest.xml:17:1-22:12
MERGED from [android.arch.lifecycle:livedata:1.1.1] AndroidManifest.xml:17:1-22:12
MERGED from [android.arch.lifecycle:livedata-core:1.1.1] AndroidManifest.xml:17:1-22:12
MERGED from [android.arch.core:runtime:1.1.1] AndroidManifest.xml:17:1-22:12
MERGED from [android.arch.lifecycle:runtime:1.1.1] AndroidManifest.xml:17:1-22:12
MERGED from [com.android.support:documentfile:28.0.0] AndroidManifest.xml:17:1-22:12
MERGED from [com.android.support:localbroadcastmanager:28.0.0] AndroidManifest.xml:17:1-22:12
MERGED from [com.android.support:print:28.0.0] AndroidManifest.xml:17:1-22:12
MERGED from [com.android.support:interpolator:28.0.0] AndroidManifest.xml:17:1-22:12
INJECTED from LibGdxPixio/android/AndroidManifest.xml:2:1-30:12
INJECTED from LibGdxPixio/android/AndroidManifest.xml:2:1-30:12
INJECTED from LibGdxPixio/android/AndroidManifest.xml:2:1-30:12
	package
		ADDED from LibGdxPixio/android/AndroidManifest.xml:3:5-36
		INJECTED from LibGdxPixio/android/AndroidManifest.xml
		INJECTED from LibGdxPixio/android/AndroidManifest.xml
	android:versionName
		INJECTED from LibGdxPixio/android/AndroidManifest.xml
		ADDED from LibGdxPixio/android/AndroidManifest.xml:2:1-30:12
		INJECTED from LibGdxPixio/android/AndroidManifest.xml
	android:versionCode
		INJECTED from LibGdxPixio/android/AndroidManifest.xml
		ADDED from LibGdxPixio/android/AndroidManifest.xml:2:1-30:12
		INJECTED from LibGdxPixio/android/AndroidManifest.xml
	xmlns:android
		ADDED from LibGdxPixio/android/AndroidManifest.xml:2:11-69
application
ADDED from LibGdxPixio/android/AndroidManifest.xml:5:5-28:19
MERGED from [com.android.support.constraint:constraint-layout:2.0.0-alpha2] AndroidManifest.xml:9:5-20
MERGED from [com.android.support.constraint:constraint-layout:2.0.0-alpha2] AndroidManifest.xml:9:5-20
MERGED from [com.android.support:support-compat:28.0.0] AndroidManifest.xml:22:5-94
MERGED from [com.android.support:support-compat:28.0.0] AndroidManifest.xml:22:5-94
MERGED from [com.android.support:versionedparcelable:28.0.0] AndroidManifest.xml:22:5-23:19
MERGED from [com.android.support:versionedparcelable:28.0.0] AndroidManifest.xml:22:5-23:19
	android:appComponentFactory
		ADDED from [com.android.support:support-compat:28.0.0] AndroidManifest.xml:22:18-91
	android:label
		ADDED from LibGdxPixio/android/AndroidManifest.xml:8:9-41
	android:icon
		ADDED from LibGdxPixio/android/AndroidManifest.xml:7:9-45
	android:allowBackup
		ADDED from LibGdxPixio/android/AndroidManifest.xml:6:9-35
	android:theme
		ADDED from LibGdxPixio/android/AndroidManifest.xml:9:9-40
activity#test.pixiolibgdx.game.AndroidLauncher
ADDED from LibGdxPixio/android/AndroidManifest.xml:10:9-19:20
	android:screenOrientation
		ADDED from LibGdxPixio/android/AndroidManifest.xml:14:13-50
	android:label
		ADDED from LibGdxPixio/android/AndroidManifest.xml:13:13-45
	android:configChanges
		ADDED from LibGdxPixio/android/AndroidManifest.xml:12:13-107
	android:name
		ADDED from LibGdxPixio/android/AndroidManifest.xml:11:13-44
intent-filter#action:name:android.intent.action.MAIN
ADDED from LibGdxPixio/android/AndroidManifest.xml:15:13-18:29
action#android.intent.action.MAIN
ADDED from LibGdxPixio/android/AndroidManifest.xml:16:17-69
	android:name
		ADDED from LibGdxPixio/android/AndroidManifest.xml:16:25-66
activity#test.pixiolibgdx.game.StartingActivity
ADDED from LibGdxPixio/android/AndroidManifest.xml:20:9-27:20
	android:theme
		ADDED from LibGdxPixio/android/AndroidManifest.xml:21:13-63
	android:name
		ADDED from LibGdxPixio/android/AndroidManifest.xml:20:19-51
intent-filter#action:name:android.intent.action.MAIN+category:name:android.intent.category.LAUNCHER
ADDED from LibGdxPixio/android/AndroidManifest.xml:22:13-26:29
category#android.intent.category.LAUNCHER
ADDED from LibGdxPixio/android/AndroidManifest.xml:25:17-77
	android:name
		ADDED from LibGdxPixio/android/AndroidManifest.xml:25:27-74
uses-sdk
INJECTED from LibGdxPixio/android/AndroidManifest.xml reason: use-sdk injection requested
INJECTED from LibGdxPixio/android/AndroidManifest.xml
INJECTED from LibGdxPixio/android/AndroidManifest.xml
MERGED from [com.android.support.constraint:constraint-layout:2.0.0-alpha2] AndroidManifest.xml:5:5-7:41
MERGED from [com.android.support.constraint:constraint-layout:2.0.0-alpha2] AndroidManifest.xml:5:5-7:41
MERGED from [com.android.support:appcompat-v7:28.0.0] AndroidManifest.xml:20:5-44
MERGED from [com.android.support:appcompat-v7:28.0.0] AndroidManifest.xml:20:5-44
MERGED from [com.android.support:recyclerview-v7:27.1.1] AndroidManifest.xml:20:5-44
MERGED from [com.android.support:recyclerview-v7:27.1.1] AndroidManifest.xml:20:5-44
MERGED from [com.android.support:support-fragment:28.0.0] AndroidManifest.xml:20:5-44
MERGED from [com.android.support:support-fragment:28.0.0] AndroidManifest.xml:20:5-44
MERGED from [com.android.support:animated-vector-drawable:28.0.0] AndroidManifest.xml:20:5-44
MERGED from [com.android.support:animated-vector-drawable:28.0.0] AndroidManifest.xml:20:5-44
MERGED from [com.android.support:support-vector-drawable:28.0.0] AndroidManifest.xml:20:5-44
MERGED from [com.android.support:support-vector-drawable:28.0.0] AndroidManifest.xml:20:5-44
MERGED from [com.android.support:support-core-ui:28.0.0] AndroidManifest.xml:20:5-44
MERGED from [com.android.support:support-core-ui:28.0.0] AndroidManifest.xml:20:5-44
MERGED from [com.android.support:support-core-utils:28.0.0] AndroidManifest.xml:20:5-44
MERGED from [com.android.support:support-core-utils:28.0.0] AndroidManifest.xml:20:5-44
MERGED from [com.android.support:loader:28.0.0] AndroidManifest.xml:20:5-44
MERGED from [com.android.support:loader:28.0.0] AndroidManifest.xml:20:5-44
MERGED from [com.android.support:viewpager:28.0.0] AndroidManifest.xml:20:5-44
MERGED from [com.android.support:viewpager:28.0.0] AndroidManifest.xml:20:5-44
MERGED from [com.android.support:coordinatorlayout:28.0.0] AndroidManifest.xml:20:5-44
MERGED from [com.android.support:coordinatorlayout:28.0.0] AndroidManifest.xml:20:5-44
MERGED from [com.android.support:drawerlayout:28.0.0] AndroidManifest.xml:20:5-44
MERGED from [com.android.support:drawerlayout:28.0.0] AndroidManifest.xml:20:5-44
MERGED from [com.android.support:slidingpanelayout:28.0.0] AndroidManifest.xml:20:5-44
MERGED from [com.android.support:slidingpanelayout:28.0.0] AndroidManifest.xml:20:5-44
MERGED from [com.android.support:customview:28.0.0] AndroidManifest.xml:20:5-44
MERGED from [com.android.support:customview:28.0.0] AndroidManifest.xml:20:5-44
MERGED from [com.android.support:swiperefreshlayout:28.0.0] AndroidManifest.xml:20:5-44
MERGED from [com.android.support:swiperefreshlayout:28.0.0] AndroidManifest.xml:20:5-44
MERGED from [com.android.support:asynclayoutinflater:28.0.0] AndroidManifest.xml:20:5-44
MERGED from [com.android.support:asynclayoutinflater:28.0.0] AndroidManifest.xml:20:5-44
MERGED from [com.android.support:support-compat:28.0.0] AndroidManifest.xml:20:5-44
MERGED from [com.android.support:support-compat:28.0.0] AndroidManifest.xml:20:5-44
MERGED from [com.android.support:versionedparcelable:28.0.0] AndroidManifest.xml:20:5-44
MERGED from [com.android.support:versionedparcelable:28.0.0] AndroidManifest.xml:20:5-44
MERGED from [com.android.support:cursoradapter:28.0.0] AndroidManifest.xml:20:5-44
MERGED from [com.android.support:cursoradapter:28.0.0] AndroidManifest.xml:20:5-44
MERGED from [android.arch.lifecycle:viewmodel:1.1.1] AndroidManifest.xml:20:5-44
MERGED from [android.arch.lifecycle:viewmodel:1.1.1] AndroidManifest.xml:20:5-44
MERGED from [android.arch.lifecycle:livedata:1.1.1] AndroidManifest.xml:20:5-44
MERGED from [android.arch.lifecycle:livedata:1.1.1] AndroidManifest.xml:20:5-44
MERGED from [android.arch.lifecycle:livedata-core:1.1.1] AndroidManifest.xml:20:5-44
MERGED from [android.arch.lifecycle:livedata-core:1.1.1] AndroidManifest.xml:20:5-44
MERGED from [android.arch.core:runtime:1.1.1] AndroidManifest.xml:20:5-44
MERGED from [android.arch.core:runtime:1.1.1] AndroidManifest.xml:20:5-44
MERGED from [android.arch.lifecycle:runtime:1.1.1] AndroidManifest.xml:20:5-44
MERGED from [android.arch.lifecycle:runtime:1.1.1] AndroidManifest.xml:20:5-44
MERGED from [com.android.support:documentfile:28.0.0] AndroidManifest.xml:20:5-44
MERGED from [com.android.support:documentfile:28.0.0] AndroidManifest.xml:20:5-44
MERGED from [com.android.support:localbroadcastmanager:28.0.0] AndroidManifest.xml:20:5-44
MERGED from [com.android.support:localbroadcastmanager:28.0.0] AndroidManifest.xml:20:5-44
MERGED from [com.android.support:print:28.0.0] AndroidManifest.xml:20:5-44
MERGED from [com.android.support:print:28.0.0] AndroidManifest.xml:20:5-44
MERGED from [com.android.support:interpolator:28.0.0] AndroidManifest.xml:20:5-44
MERGED from [com.android.support:interpolator:28.0.0] AndroidManifest.xml:20:5-44
INJECTED from LibGdxPixio/android/AndroidManifest.xml
INJECTED from LibGdxPixio/android/AndroidManifest.xml
	android:targetSdkVersion
		INJECTED from LibGdxPixio/android/AndroidManifest.xml
		ADDED from LibGdxPixio/android/AndroidManifest.xml
		INJECTED from LibGdxPixio/android/AndroidManifest.xml
	android:minSdkVersion
		INJECTED from LibGdxPixio/android/AndroidManifest.xml
		ADDED from LibGdxPixio/android/AndroidManifest.xml
		INJECTED from LibGdxPixio/android/AndroidManifest.xml